[0.131s] DEBUG:colcon:Command line arguments: ['/usr/bin/colcon', 'build']
[0.132s] DEBUG:colcon:Parsed command line arguments: Namespace(log_base=None, log_level=None, verb_name='build', build_base='build', install_base='install', merge_install=False, symlink_install=False, test_result_base=None, continue_on_error=False, executor='parallel', parallel_workers=12, event_handlers=None, ignore_user_meta=False, metas=['./colcon.meta'], base_paths=['.'], packages_ignore=None, packages_ignore_regex=None, paths=None, packages_up_to=None, packages_up_to_regex=None, packages_above=None, packages_above_and_dependencies=None, packages_above_depth=None, packages_select_by_dep=None, packages_skip_by_dep=None, packages_skip_up_to=None, packages_select_build_failed=False, packages_skip_build_finished=False, packages_select_test_failures=False, packages_skip_test_passed=False, packages_select=None, packages_skip=None, packages_select_regex=None, packages_skip_regex=None, packages_start=None, packages_end=None, allow_overriding=[], cmake_args=None, cmake_target=None, cmake_target_skip_unavailable=False, cmake_clean_cache=False, cmake_clean_first=False, cmake_force_configure=False, ament_cmake_args=None, catkin_cmake_args=None, catkin_skip_building_tests=False, verb_parser=<colcon_defaults.argument_parser.defaults.DefaultArgumentsDecorator object at 0x7099b26ad330>, verb_extension=<colcon_core.verb.build.BuildVerb object at 0x7099b27aa740>, main=<bound method BuildVerb.main of <colcon_core.verb.build.BuildVerb object at 0x7099b27aa740>>)
[0.393s] Level 1:colcon.colcon_core.package_discovery:discover_packages(colcon_meta) check parameters
[0.393s] Level 1:colcon.colcon_core.package_discovery:discover_packages(recursive) check parameters
[0.393s] Level 1:colcon.colcon_core.package_discovery:discover_packages(ignore) check parameters
[0.393s] Level 1:colcon.colcon_core.package_discovery:discover_packages(path) check parameters
[0.393s] Level 1:colcon.colcon_core.package_discovery:discover_packages(colcon_meta) discover
[0.393s] Level 1:colcon.colcon_core.package_discovery:discover_packages(recursive) discover
[0.393s] INFO:colcon.colcon_core.package_discovery:Crawling recursively for packages in '/home/himaj/rqt_fros_loader'
[0.393s] Level 1:colcon.colcon_core.package_identification:_identify(.) by extensions ['ignore', 'ignore_ament_install']
[0.393s] Level 1:colcon.colcon_core.package_identification:_identify(.) by extension 'ignore'
[0.393s] Level 1:colcon.colcon_core.package_identification:_identify(.) by extension 'ignore_ament_install'
[0.394s] Level 1:colcon.colcon_core.package_identification:_identify(.) by extensions ['colcon_pkg']
[0.394s] Level 1:colcon.colcon_core.package_identification:_identify(.) by extension 'colcon_pkg'
[0.394s] Level 1:colcon.colcon_core.package_identification:_identify(.) by extensions ['colcon_meta']
[0.394s] Level 1:colcon.colcon_core.package_identification:_identify(.) by extension 'colcon_meta'
[0.394s] Level 1:colcon.colcon_core.package_identification:_identify(.) by extensions ['ros']
[0.394s] Level 1:colcon.colcon_core.package_identification:_identify(.) by extension 'ros'
[0.423s] DEBUG:colcon.colcon_core.package_identification:Package '.' with type 'ros.ament_python' and name 'rqt_fros_loader'
[0.423s] Level 1:colcon.colcon_core.package_discovery:discover_packages(recursive) using defaults
[0.423s] Level 1:colcon.colcon_core.package_discovery:discover_packages(ignore) discover
[0.423s] Level 1:colcon.colcon_core.package_discovery:discover_packages(ignore) using defaults
[0.423s] Level 1:colcon.colcon_core.package_discovery:discover_packages(path) discover
[0.423s] Level 1:colcon.colcon_core.package_discovery:discover_packages(path) using defaults
[0.448s] Level 1:colcon.colcon_core.package_discovery:discover_packages(prefix_path) check parameters
[0.448s] Level 1:colcon.colcon_core.package_discovery:discover_packages(prefix_path) discover
[0.451s] DEBUG:colcon.colcon_installed_package_information.package_discovery:Found 1 installed packages in /home/himaj/rqt_fros_loader/install
[0.452s] DEBUG:colcon.colcon_installed_package_information.package_discovery:Found 1 installed packages in /home/himaj/rqt_plugin_ws/install
[0.452s] DEBUG:colcon.colcon_installed_package_information.package_discovery:Found 1 installed packages in /home/himaj/fros_ui_ws/install
[0.453s] DEBUG:colcon.colcon_installed_package_information.package_discovery:Found 3 installed packages in /home/himaj/bumperbot_ws/install
[0.453s] DEBUG:colcon.colcon_installed_package_information.package_discovery:Found 4 installed packages in /home/himaj/testBot_nav2_ws/install
[0.454s] DEBUG:colcon.colcon_installed_package_information.package_discovery:Found 3 installed packages in /home/himaj/ros2_ws/install
[0.454s] DEBUG:colcon.colcon_installed_package_information.package_discovery:Found 13 installed packages in /home/himaj/eyantra_test/install
[0.457s] DEBUG:colcon.colcon_installed_package_information.package_discovery:Found 536 installed packages in /opt/ros/humble
[0.460s] Level 1:colcon.colcon_core.package_discovery:discover_packages(prefix_path) using defaults
[0.532s] Level 5:colcon.colcon_core.verb:set package 'rqt_fros_loader' build argument 'cmake_args' from command line to 'None'
[0.532s] Level 5:colcon.colcon_core.verb:set package 'rqt_fros_loader' build argument 'cmake_target' from command line to 'None'
[0.532s] Level 5:colcon.colcon_core.verb:set package 'rqt_fros_loader' build argument 'cmake_target_skip_unavailable' from command line to 'False'
[0.532s] Level 5:colcon.colcon_core.verb:set package 'rqt_fros_loader' build argument 'cmake_clean_cache' from command line to 'False'
[0.532s] Level 5:colcon.colcon_core.verb:set package 'rqt_fros_loader' build argument 'cmake_clean_first' from command line to 'False'
[0.532s] Level 5:colcon.colcon_core.verb:set package 'rqt_fros_loader' build argument 'cmake_force_configure' from command line to 'False'
[0.532s] Level 5:colcon.colcon_core.verb:set package 'rqt_fros_loader' build argument 'ament_cmake_args' from command line to 'None'
[0.532s] Level 5:colcon.colcon_core.verb:set package 'rqt_fros_loader' build argument 'catkin_cmake_args' from command line to 'None'
[0.532s] Level 5:colcon.colcon_core.verb:set package 'rqt_fros_loader' build argument 'catkin_skip_building_tests' from command line to 'False'
[0.532s] DEBUG:colcon.colcon_core.verb:Building package 'rqt_fros_loader' with the following arguments: {'ament_cmake_args': None, 'build_base': '/home/himaj/rqt_fros_loader/build/rqt_fros_loader', 'catkin_cmake_args': None, 'catkin_skip_building_tests': False, 'cmake_args': None, 'cmake_clean_cache': False, 'cmake_clean_first': False, 'cmake_force_configure': False, 'cmake_target': None, 'cmake_target_skip_unavailable': False, 'install_base': '/home/himaj/rqt_fros_loader/install/rqt_fros_loader', 'merge_install': False, 'path': '/home/himaj/rqt_fros_loader', 'symlink_install': False, 'test_result_base': None}
[0.532s] INFO:colcon.colcon_core.executor:Executing jobs using 'parallel' executor
[0.533s] DEBUG:colcon.colcon_parallel_executor.executor.parallel:run_until_complete
[0.534s] INFO:colcon.colcon_ros.task.ament_python.build:Building ROS package in '/home/himaj/rqt_fros_loader' with build type 'ament_python'
[0.534s] Level 1:colcon.colcon_core.shell:create_environment_hook('rqt_fros_loader', 'ament_prefix_path')
[0.537s] INFO:colcon.colcon_core.plugin_system:Skipping extension 'colcon_core.shell.bat': Not used on non-Windows systems
[0.537s] INFO:colcon.colcon_core.shell:Creating environment hook '/home/himaj/rqt_fros_loader/install/rqt_fros_loader/share/rqt_fros_loader/hook/ament_prefix_path.ps1'
[0.538s] INFO:colcon.colcon_core.shell:Creating environment descriptor '/home/himaj/rqt_fros_loader/install/rqt_fros_loader/share/rqt_fros_loader/hook/ament_prefix_path.dsv'
[0.538s] INFO:colcon.colcon_core.shell:Creating environment hook '/home/himaj/rqt_fros_loader/install/rqt_fros_loader/share/rqt_fros_loader/hook/ament_prefix_path.sh'
[0.539s] INFO:colcon.colcon_core.shell:Skip shell extension 'powershell' for command environment: Not usable outside of PowerShell
[0.539s] DEBUG:colcon.colcon_core.shell:Skip shell extension 'dsv' for command environment
[0.946s] INFO:colcon.colcon_core.task.python.build:Building Python package in '/home/himaj/rqt_fros_loader'
[0.947s] INFO:colcon.colcon_core.shell:Skip shell extension 'powershell' for command environment: Not usable outside of PowerShell
[0.947s] DEBUG:colcon.colcon_core.shell:Skip shell extension 'dsv' for command environment
[1.501s] DEBUG:colcon.colcon_core.event_handler.log_command:Invoking command in '/home/himaj/rqt_fros_loader': PYTHONPATH=/home/himaj/rqt_fros_loader/build/rqt_fros_loader/prefix_override:/usr/lib/python3/dist-packages/colcon_core/task/python/colcon_distutils_commands:/home/himaj/rqt_fros_loader/install/rqt_fros_loader/lib/python3.10/site-packages:${PYTHONPATH} /usr/bin/python3 -W ignore:setup.py install is deprecated -W ignore:easy_install command is deprecated setup.py egg_info --egg-base build/rqt_fros_loader build --build-base /home/himaj/rqt_fros_loader/build/rqt_fros_loader/build install --record /home/himaj/rqt_fros_loader/build/rqt_fros_loader/install.log --single-version-externally-managed install_data
[1.926s] DEBUG:colcon.colcon_core.event_handler.log_command:Invoked command in '/home/himaj/rqt_fros_loader' returned '0': PYTHONPATH=/home/himaj/rqt_fros_loader/build/rqt_fros_loader/prefix_override:/usr/lib/python3/dist-packages/colcon_core/task/python/colcon_distutils_commands:/home/himaj/rqt_fros_loader/install/rqt_fros_loader/lib/python3.10/site-packages:${PYTHONPATH} /usr/bin/python3 -W ignore:setup.py install is deprecated -W ignore:easy_install command is deprecated setup.py egg_info --egg-base build/rqt_fros_loader build --build-base /home/himaj/rqt_fros_loader/build/rqt_fros_loader/build install --record /home/himaj/rqt_fros_loader/build/rqt_fros_loader/install.log --single-version-externally-managed install_data
[1.929s] Level 1:colcon.colcon_core.environment:checking '/home/himaj/rqt_fros_loader/install/rqt_fros_loader' for CMake module files
[1.930s] Level 1:colcon.colcon_core.environment:checking '/home/himaj/rqt_fros_loader/install/rqt_fros_loader' for CMake config files
[1.930s] Level 1:colcon.colcon_core.environment:checking '/home/himaj/rqt_fros_loader/install/rqt_fros_loader/lib'
[1.931s] Level 1:colcon.colcon_core.environment:checking '/home/himaj/rqt_fros_loader/install/rqt_fros_loader/bin'
[1.931s] Level 1:colcon.colcon_core.environment:checking '/home/himaj/rqt_fros_loader/install/rqt_fros_loader/lib/pkgconfig/rqt_fros_loader.pc'
[1.931s] Level 1:colcon.colcon_core.environment:checking '/home/himaj/rqt_fros_loader/install/rqt_fros_loader/lib/python3.10/site-packages'
[1.931s] Level 1:colcon.colcon_core.shell:create_environment_hook('rqt_fros_loader', 'pythonpath')
[1.931s] INFO:colcon.colcon_core.shell:Creating environment hook '/home/himaj/rqt_fros_loader/install/rqt_fros_loader/share/rqt_fros_loader/hook/pythonpath.ps1'
[1.932s] INFO:colcon.colcon_core.shell:Creating environment descriptor '/home/himaj/rqt_fros_loader/install/rqt_fros_loader/share/rqt_fros_loader/hook/pythonpath.dsv'
[1.932s] INFO:colcon.colcon_core.shell:Creating environment hook '/home/himaj/rqt_fros_loader/install/rqt_fros_loader/share/rqt_fros_loader/hook/pythonpath.sh'
[1.933s] Level 1:colcon.colcon_core.environment:checking '/home/himaj/rqt_fros_loader/install/rqt_fros_loader/bin'
[1.933s] Level 1:colcon.colcon_core.environment:create_environment_scripts_only(rqt_fros_loader)
[1.933s] INFO:colcon.colcon_core.shell:Creating package script '/home/himaj/rqt_fros_loader/install/rqt_fros_loader/share/rqt_fros_loader/package.ps1'
[1.934s] INFO:colcon.colcon_core.shell:Creating package descriptor '/home/himaj/rqt_fros_loader/install/rqt_fros_loader/share/rqt_fros_loader/package.dsv'
[1.935s] INFO:colcon.colcon_core.shell:Creating package script '/home/himaj/rqt_fros_loader/install/rqt_fros_loader/share/rqt_fros_loader/package.sh'
[1.936s] INFO:colcon.colcon_core.shell:Creating package script '/home/himaj/rqt_fros_loader/install/rqt_fros_loader/share/rqt_fros_loader/package.bash'
[1.936s] INFO:colcon.colcon_core.shell:Creating package script '/home/himaj/rqt_fros_loader/install/rqt_fros_loader/share/rqt_fros_loader/package.zsh'
[1.937s] Level 1:colcon.colcon_core.environment:create_file_with_runtime_dependencies(/home/himaj/rqt_fros_loader/install/rqt_fros_loader/share/colcon-core/packages/rqt_fros_loader)
[1.937s] DEBUG:colcon.colcon_parallel_executor.executor.parallel:closing loop
[1.938s] DEBUG:colcon.colcon_parallel_executor.executor.parallel:loop closed
[1.938s] DEBUG:colcon.colcon_parallel_executor.executor.parallel:run_until_complete finished with '0'
[1.938s] DEBUG:colcon.colcon_core.event_reactor:joining thread
[1.945s] INFO:colcon.colcon_core.plugin_system:Skipping extension 'colcon_notification.desktop_notification.terminal_notifier': Not used on non-Darwin systems
[1.945s] INFO:colcon.colcon_core.plugin_system:Skipping extension 'colcon_notification.desktop_notification.win32': Not used on non-Windows systems
[1.945s] INFO:colcon.colcon_notification.desktop_notification:Sending desktop notification using 'notify2'
[1.957s] DEBUG:colcon.colcon_core.event_reactor:joined thread
[1.958s] INFO:colcon.colcon_core.shell:Creating prefix script '/home/himaj/rqt_fros_loader/install/local_setup.ps1'
[1.959s] INFO:colcon.colcon_core.shell:Creating prefix util module '/home/himaj/rqt_fros_loader/install/_local_setup_util_ps1.py'
[1.961s] INFO:colcon.colcon_core.shell:Creating prefix chain script '/home/himaj/rqt_fros_loader/install/setup.ps1'
[1.963s] INFO:colcon.colcon_core.shell:Creating prefix script '/home/himaj/rqt_fros_loader/install/local_setup.sh'
[1.964s] INFO:colcon.colcon_core.shell:Creating prefix util module '/home/himaj/rqt_fros_loader/install/_local_setup_util_sh.py'
[1.965s] INFO:colcon.colcon_core.shell:Creating prefix chain script '/home/himaj/rqt_fros_loader/install/setup.sh'
[1.967s] INFO:colcon.colcon_core.shell:Creating prefix script '/home/himaj/rqt_fros_loader/install/local_setup.bash'
[1.968s] INFO:colcon.colcon_core.shell:Creating prefix chain script '/home/himaj/rqt_fros_loader/install/setup.bash'
[1.970s] INFO:colcon.colcon_core.shell:Creating prefix script '/home/himaj/rqt_fros_loader/install/local_setup.zsh'
[1.971s] INFO:colcon.colcon_core.shell:Creating prefix chain script '/home/himaj/rqt_fros_loader/install/setup.zsh'
