running egg_info
writing build/rqt_fros_loader/rqt_fros_loader.egg-info/PKG-INFO
writing dependency_links to build/rqt_fros_loader/rqt_fros_loader.egg-info/dependency_links.txt
writing entry points to build/rqt_fros_loader/rqt_fros_loader.egg-info/entry_points.txt
writing requirements to build/rqt_fros_loader/rqt_fros_loader.egg-info/requires.txt
writing top-level names to build/rqt_fros_loader/rqt_fros_loader.egg-info/top_level.txt
reading manifest file 'build/rqt_fros_loader/rqt_fros_loader.egg-info/SOURCES.txt'
writing manifest file 'build/rqt_fros_loader/rqt_fros_loader.egg-info/SOURCES.txt'
running build
running build_py
copying rqt_fros_loader/loader_utils.py -> /home/himaj/rqt_fros_loader/build/rqt_fros_loader/build/lib/rqt_fros_loader
copying rqt_fros_loader/loader_widget.py -> /home/himaj/rqt_fros_loader/build/rqt_fros_loader/build/lib/rqt_fros_loader
running install
running install_lib
copying /home/himaj/rqt_fros_loader/build/rqt_fros_loader/build/lib/rqt_fros_loader/loader_utils.py -> /home/himaj/rqt_fros_loader/install/rqt_fros_loader/lib/python3.10/site-packages/rqt_fros_loader
copying /home/himaj/rqt_fros_loader/build/rqt_fros_loader/build/lib/rqt_fros_loader/loader_widget.py -> /home/himaj/rqt_fros_loader/install/rqt_fros_loader/lib/python3.10/site-packages/rqt_fros_loader
byte-compiling /home/himaj/rqt_fros_loader/install/rqt_fros_loader/lib/python3.10/site-packages/rqt_fros_loader/loader_utils.py to loader_utils.cpython-310.pyc
byte-compiling /home/himaj/rqt_fros_loader/install/rqt_fros_loader/lib/python3.10/site-packages/rqt_fros_loader/loader_widget.py to loader_widget.cpython-310.pyc
running install_data
running install_egg_info
removing '/home/himaj/rqt_fros_loader/install/rqt_fros_loader/lib/python3.10/site-packages/rqt_fros_loader-0.0.0-py3.10.egg-info' (and everything under it)
Copying build/rqt_fros_loader/rqt_fros_loader.egg-info to /home/himaj/rqt_fros_loader/install/rqt_fros_loader/lib/python3.10/site-packages/rqt_fros_loader-0.0.0-py3.10.egg-info
running install_scripts
Installing rqt_fros_loader script to /home/himaj/rqt_fros_loader/install/rqt_fros_loader/lib/rqt_fros_loader
writing list of installed files to '/home/himaj/rqt_fros_loader/build/rqt_fros_loader/install.log'
