[0.962s] Invoking command in '/home/himaj/rqt_fros_loader': PYTHONPATH=/home/himaj/rqt_fros_loader/build/rqt_fros_loader/prefix_override:/usr/lib/python3/dist-packages/colcon_core/task/python/colcon_distutils_commands:/home/himaj/rqt_fros_loader/install/rqt_fros_loader/lib/python3.10/site-packages:${PYTHONPATH} /usr/bin/python3 -W ignore:setup.py install is deprecated -W ignore:easy_install command is deprecated setup.py egg_info --egg-base build/rqt_fros_loader build --build-base /home/himaj/rqt_fros_loader/build/rqt_fros_loader/build install --record /home/himaj/rqt_fros_loader/build/rqt_fros_loader/install.log --single-version-externally-managed install_data
[1.320s] running egg_info
[1.320s] writing build/rqt_fros_loader/rqt_fros_loader.egg-info/PKG-INFO
[1.321s] writing dependency_links to build/rqt_fros_loader/rqt_fros_loader.egg-info/dependency_links.txt
[1.321s] writing entry points to build/rqt_fros_loader/rqt_fros_loader.egg-info/entry_points.txt
[1.321s] writing requirements to build/rqt_fros_loader/rqt_fros_loader.egg-info/requires.txt
[1.321s] writing top-level names to build/rqt_fros_loader/rqt_fros_loader.egg-info/top_level.txt
[1.324s] reading manifest file 'build/rqt_fros_loader/rqt_fros_loader.egg-info/SOURCES.txt'
[1.325s] writing manifest file 'build/rqt_fros_loader/rqt_fros_loader.egg-info/SOURCES.txt'
[1.325s] running build
[1.326s] running build_py
[1.326s] copying rqt_fros_loader/loader_utils.py -> /home/himaj/rqt_fros_loader/build/rqt_fros_loader/build/lib/rqt_fros_loader
[1.326s] running install
[1.327s] running install_lib
[1.328s] copying /home/himaj/rqt_fros_loader/build/rqt_fros_loader/build/lib/rqt_fros_loader/loader_utils.py -> /home/himaj/rqt_fros_loader/install/rqt_fros_loader/lib/python3.10/site-packages/rqt_fros_loader
[1.329s] byte-compiling /home/himaj/rqt_fros_loader/install/rqt_fros_loader/lib/python3.10/site-packages/rqt_fros_loader/loader_utils.py to loader_utils.cpython-310.pyc
[1.330s] running install_data
[1.330s] running install_egg_info
[1.332s] removing '/home/himaj/rqt_fros_loader/install/rqt_fros_loader/lib/python3.10/site-packages/rqt_fros_loader-0.0.0-py3.10.egg-info' (and everything under it)
[1.333s] Copying build/rqt_fros_loader/rqt_fros_loader.egg-info to /home/himaj/rqt_fros_loader/install/rqt_fros_loader/lib/python3.10/site-packages/rqt_fros_loader-0.0.0-py3.10.egg-info
[1.334s] running install_scripts
[1.357s] Installing rqt_fros_loader script to /home/himaj/rqt_fros_loader/install/rqt_fros_loader/lib/rqt_fros_loader
[1.357s] writing list of installed files to '/home/himaj/rqt_fros_loader/build/rqt_fros_loader/install.log'
[1.382s] Invoked command in '/home/himaj/rqt_fros_loader' returned '0': PYTHONPATH=/home/himaj/rqt_fros_loader/build/rqt_fros_loader/prefix_override:/usr/lib/python3/dist-packages/colcon_core/task/python/colcon_distutils_commands:/home/himaj/rqt_fros_loader/install/rqt_fros_loader/lib/python3.10/site-packages:${PYTHONPATH} /usr/bin/python3 -W ignore:setup.py install is deprecated -W ignore:easy_install command is deprecated setup.py egg_info --egg-base build/rqt_fros_loader build --build-base /home/himaj/rqt_fros_loader/build/rqt_fros_loader/build install --record /home/himaj/rqt_fros_loader/build/rqt_fros_loader/install.log --single-version-externally-managed install_data
