/home/himaj/rqt_fros_loader/install/rqt_fros_loader/lib/python3.10/site-packages/rqt_fros_loader/logging.py
/home/himaj/rqt_fros_loader/install/rqt_fros_loader/lib/python3.10/site-packages/rqt_fros_loader/fros_loader_plugin.py
/home/himaj/rqt_fros_loader/install/rqt_fros_loader/lib/python3.10/site-packages/rqt_fros_loader/main.py
/home/himaj/rqt_fros_loader/install/rqt_fros_loader/lib/python3.10/site-packages/rqt_fros_loader/loader_utils.py
/home/himaj/rqt_fros_loader/install/rqt_fros_loader/lib/python3.10/site-packages/rqt_fros_loader/__init__.py
/home/himaj/rqt_fros_loader/install/rqt_fros_loader/lib/python3.10/site-packages/rqt_fros_loader/loader_widget.py
/home/himaj/rqt_fros_loader/install/rqt_fros_loader/lib/python3.10/site-packages/rqt_fros_loader/__pycache__/logging.cpython-310.pyc
/home/himaj/rqt_fros_loader/install/rqt_fros_loader/lib/python3.10/site-packages/rqt_fros_loader/__pycache__/fros_loader_plugin.cpython-310.pyc
/home/himaj/rqt_fros_loader/install/rqt_fros_loader/lib/python3.10/site-packages/rqt_fros_loader/__pycache__/main.cpython-310.pyc
/home/himaj/rqt_fros_loader/install/rqt_fros_loader/lib/python3.10/site-packages/rqt_fros_loader/__pycache__/loader_utils.cpython-310.pyc
/home/himaj/rqt_fros_loader/install/rqt_fros_loader/lib/python3.10/site-packages/rqt_fros_loader/__pycache__/__init__.cpython-310.pyc
/home/himaj/rqt_fros_loader/install/rqt_fros_loader/lib/python3.10/site-packages/rqt_fros_loader/__pycache__/loader_widget.cpython-310.pyc
/home/himaj/rqt_fros_loader/install/rqt_fros_loader/share/ament_index/resource_index/packages/rqt_fros_loader
/home/himaj/rqt_fros_loader/install/rqt_fros_loader/share/rqt_fros_loader/package.xml
/home/himaj/rqt_fros_loader/install/rqt_fros_loader/share/rqt_fros_loader/plugin.xml
/home/himaj/rqt_fros_loader/install/rqt_fros_loader/share/rqt_fros_loader/resource/fros_loader_widget.ui
/home/himaj/rqt_fros_loader/install/rqt_fros_loader/lib/python3.10/site-packages/rqt_fros_loader-0.0.0-py3.10.egg-info/PKG-INFO
/home/himaj/rqt_fros_loader/install/rqt_fros_loader/lib/python3.10/site-packages/rqt_fros_loader-0.0.0-py3.10.egg-info/entry_points.txt
/home/himaj/rqt_fros_loader/install/rqt_fros_loader/lib/python3.10/site-packages/rqt_fros_loader-0.0.0-py3.10.egg-info/top_level.txt
/home/himaj/rqt_fros_loader/install/rqt_fros_loader/lib/python3.10/site-packages/rqt_fros_loader-0.0.0-py3.10.egg-info/dependency_links.txt
/home/himaj/rqt_fros_loader/install/rqt_fros_loader/lib/python3.10/site-packages/rqt_fros_loader-0.0.0-py3.10.egg-info/SOURCES.txt
/home/himaj/rqt_fros_loader/install/rqt_fros_loader/lib/python3.10/site-packages/rqt_fros_loader-0.0.0-py3.10.egg-info/requires.txt
/home/himaj/rqt_fros_loader/install/rqt_fros_loader/lib/python3.10/site-packages/rqt_fros_loader-0.0.0-py3.10.egg-info/zip-safe
/home/himaj/rqt_fros_loader/install/rqt_fros_loader/lib/rqt_fros_loader/rqt_fros_loader
